<?xml version="1.0" encoding="UTF-8"?>
<!-- Generated by org.testng.reporters.JUnitReportReporter -->
<testsuite skipped="0" hostname="win7-PC" name="com.practice.testcases.TC_Login_DataDriven_003" tests="5" failures="0" timestamp="2020-05-17T23:15:47 EDT" time="14.040" errors="0">
  <testcase name="DataDrivenLogin" time="2.708" classname="com.practice.testcases.TC_Login_DataDriven_003"/>
  <system-out/>
  <testcase name="DataDrivenLogin" time="2.641" classname="com.practice.testcases.TC_Login_DataDriven_003"/>
  <system-out/>
  <testcase name="DataDrivenLogin" time="2.561" classname="com.practice.testcases.TC_Login_DataDriven_003"/>
  <system-out/>
  <testcase name="DataDrivenLogin" time="2.636" classname="com.practice.testcases.TC_Login_DataDriven_003"/>
  <system-out/>
  <testcase name="DataDrivenLogin" time="3.494" classname="com.practice.testcases.TC_Login_DataDriven_003"/>
  <system-out/>
</testsuite> <!-- com.practice.testcases.TC_Login_DataDriven_003 -->
