<?xml version="1.0" encoding="UTF-8"?>
<!-- Generated by org.testng.reporters.JUnitReportReporter -->
<testsuite hostname="DESKTOP-JUOQ8HG" failures="0" tests="2" name="com.practice.testcases.RunnerClass" time="4.521" errors="0" timestamp="2020-05-14T19:32:59 EDT" skipped="0">
  <testcase classname="com.practice.testcases.RunnerClass" name="login" time="3.669"/>
  <system-out/>
  <testcase classname="com.practice.testcases.RunnerClass" name="adminFeature" time="0.852"/>
  <system-out/>
</testsuite> <!-- com.practice.testcases.RunnerClass -->
