<?xml version="1.0" encoding="UTF-8"?>
<!-- Generated by org.testng.reporters.JUnitReportReporter -->
<testsuite skipped="0" hostname="win7-PC" name="com.practice.testcases.TC_Login_DataDriven_003" tests="5" failures="0" timestamp="2020-05-18T01:19:37 EDT" time="16.454" errors="0">
  <testcase name="DataDrivenLogin" time="3.463" classname="com.practice.testcases.TC_Login_DataDriven_003"/>
  <system-out/>
  <testcase name="DataDrivenLogin" time="2.540" classname="com.practice.testcases.TC_Login_DataDriven_003"/>
  <system-out/>
  <testcase name="DataDrivenLogin" time="2.571" classname="com.practice.testcases.TC_Login_DataDriven_003"/>
  <system-out/>
  <testcase name="DataDrivenLogin" time="4.424" classname="com.practice.testcases.TC_Login_DataDriven_003"/>
  <system-out/>
  <testcase name="DataDrivenLogin" time="3.456" classname="com.practice.testcases.TC_Login_DataDriven_003"/>
  <system-out/>
</testsuite> <!-- com.practice.testcases.TC_Login_DataDriven_003 -->
